{"C:\\Backup\\Book-A-Meal\\app.js":{"path":"C:\\Backup\\Book-A-Meal\\app.js","s":{"1":1,"2":1,"3":1,"4":1,"5":1,"6":1,"7":1,"8":1,"9":1,"10":1,"11":1,"12":5,"13":1,"14":1,"15":1,"16":1,"17":0,"18":1,"19":1,"20":1,"21":1,"22":0,"23":1,"24":0,"25":1},"b":{"1":[0,5],"2":[5,5]},"f":{"1":5,"2":0,"3":0,"4":0},"fnMap":{"1":{"name":"_interopRequireDefault","line":0,"loc":{"start":{"line":0,"column":0},"end":{"line":0,"column":0}},"skip":true},"2":{"name":"(anonymous_2)","line":15,"loc":{"start":{"line":15,"column":13},"end":{"line":15,"column":27}}},"3":{"name":"(anonymous_3)","line":25,"loc":{"start":{"line":25,"column":13},"end":{"line":25,"column":27}}},"4":{"name":"(anonymous_4)","line":30,"loc":{"start":{"line":30,"column":17},"end":{"line":30,"column":23}}}},"statementMap":{"1":{"start":{"line":2,"column":0},"end":{"line":null,"column":null}},"2":{"start":{"line":0,"column":0},"end":{"line":0,"column":0},"skip":true},"3":{"start":{"line":3,"column":0},"end":{"line":null,"column":null}},"4":{"start":{"line":0,"column":0},"end":{"line":0,"column":0},"skip":true},"5":{"start":{"line":4,"column":0},"end":{"line":null,"column":null}},"6":{"start":{"line":0,"column":0},"end":{"line":0,"column":0},"skip":true},"7":{"start":{"line":5,"column":0},"end":{"line":null,"column":null}},"8":{"start":{"line":0,"column":0},"end":{"line":0,"column":0},"skip":true},"9":{"start":{"line":6,"column":0},"end":{"line":null,"column":null}},"10":{"start":{"line":0,"column":0},"end":{"line":0,"column":0},"skip":true},"11":{"start":{"line":0,"column":0},"end":{"line":0,"column":0},"skip":true},"12":{"start":{"line":0,"column":0},"end":{"line":0,"column":0},"skip":true},"13":{"start":{"line":10,"column":0},"end":{"line":null,"column":null}},"14":{"start":{"line":11,"column":0},"end":{"line":null,"column":null}},"15":{"start":{"line":14,"column":0},"end":{"line":null,"column":null}},"16":{"start":{"line":15,"column":0},"end":{"line":null,"column":null}},"17":{"start":{"line":16,"column":6},"end":{"line":null,"column":null}},"18":{"start":{"line":20,"column":0},"end":{"line":null,"column":null}},"19":{"start":{"line":21,"column":0},"end":{"line":null,"column":null}},"20":{"start":{"line":22,"column":0},"end":{"line":null,"column":null}},"21":{"start":{"line":25,"column":0},"end":{"line":null,"column":null}},"22":{"start":{"line":26,"column":6},"end":{"line":null,"column":null}},"23":{"start":{"line":30,"column":0},"end":{"line":null,"column":null}},"24":{"start":{"line":31,"column":10},"end":{"line":null,"column":null}},"25":{"start":{"line":35,"column":0},"end":{"line":null,"column":null}}},"branchMap":{"1":{"line":0,"type":"cond-expr","locations":[{"start":{"line":0,"column":0},"end":{"line":0,"column":0},"skip":true},{"start":{"line":0,"column":0},"end":{"line":0,"column":0},"skip":true}]},"2":{"line":0,"type":"binary-expr","locations":[{"start":{"line":0,"column":0},"end":{"line":0,"column":0},"skip":true},{"start":{"line":0,"column":0},"end":{"line":0,"column":0},"skip":true}]}}},"C:\\Backup\\Book-A-Meal\\server\\routes\\meals.js":{"path":"C:\\Backup\\Book-A-Meal\\server\\routes\\meals.js","s":{"1":1,"2":1,"3":1,"4":1,"5":1,"6":1,"7":0,"8":1,"9":0,"10":1,"11":0,"12":1,"13":0,"14":1},"b":{"1":[0,1],"2":[1,1]},"f":{"1":1,"2":0,"3":0,"4":0,"5":0},"fnMap":{"1":{"name":"_interopRequireDefault","line":0,"loc":{"start":{"line":0,"column":0},"end":{"line":0,"column":0}},"skip":true},"2":{"name":"(anonymous_2)","line":6,"loc":{"start":{"line":6,"column":21},"end":{"line":6,"column":35}}},"3":{"name":"(anonymous_3)","line":11,"loc":{"start":{"line":11,"column":22},"end":{"line":11,"column":36}}},"4":{"name":"(anonymous_4)","line":16,"loc":{"start":{"line":16,"column":30},"end":{"line":16,"column":44}}},"5":{"name":"(anonymous_5)","line":20,"loc":{"start":{"line":20,"column":33},"end":{"line":20,"column":47}}}},"statementMap":{"1":{"start":{"line":1,"column":0},"end":{"line":null,"column":null}},"2":{"start":{"line":0,"column":0},"end":{"line":0,"column":0},"skip":true},"3":{"start":{"line":0,"column":0},"end":{"line":0,"column":0},"skip":true},"4":{"start":{"line":0,"column":0},"end":{"line":0,"column":0},"skip":true},"5":{"start":{"line":3,"column":0},"end":{"line":null,"column":null}},"6":{"start":{"line":6,"column":0},"end":{"line":null,"column":null}},"7":{"start":{"line":7,"column":6},"end":{"line":null,"column":null}},"8":{"start":{"line":11,"column":0},"end":{"line":null,"column":null}},"9":{"start":{"line":12,"column":6},"end":{"line":null,"column":null}},"10":{"start":{"line":16,"column":0},"end":{"line":null,"column":null}},"11":{"start":{"line":17,"column":6},"end":{"line":null,"column":null}},"12":{"start":{"line":20,"column":0},"end":{"line":null,"column":null}},"13":{"start":{"line":21,"column":6},"end":{"line":null,"column":null}},"14":{"start":{"line":24,"column":0},"end":{"line":null,"column":null}}},"branchMap":{"1":{"line":0,"type":"cond-expr","locations":[{"start":{"line":0,"column":0},"end":{"line":0,"column":0},"skip":true},{"start":{"line":0,"column":0},"end":{"line":0,"column":0},"skip":true}]},"2":{"line":0,"type":"binary-expr","locations":[{"start":{"line":0,"column":0},"end":{"line":0,"column":0},"skip":true},{"start":{"line":0,"column":0},"end":{"line":0,"column":0},"skip":true}]}}},"C:\\Backup\\Book-A-Meal\\server\\routes\\menu.js":{"path":"C:\\Backup\\Book-A-Meal\\server\\routes\\menu.js","s":{"1":1,"2":1,"3":1,"4":1,"5":1,"6":1,"7":0,"8":1,"9":0,"10":1},"b":{"1":[0,1],"2":[1,1]},"f":{"1":1,"2":0,"3":0},"fnMap":{"1":{"name":"_interopRequireDefault","line":0,"loc":{"start":{"line":0,"column":0},"end":{"line":0,"column":0}},"skip":true},"2":{"name":"(anonymous_2)","line":6,"loc":{"start":{"line":6,"column":20},"end":{"line":6,"column":34}}},"3":{"name":"(anonymous_3)","line":11,"loc":{"start":{"line":11,"column":21},"end":{"line":11,"column":35}}}},"statementMap":{"1":{"start":{"line":1,"column":0},"end":{"line":null,"column":null}},"2":{"start":{"line":0,"column":0},"end":{"line":0,"column":0},"skip":true},"3":{"start":{"line":0,"column":0},"end":{"line":0,"column":0},"skip":true},"4":{"start":{"line":0,"column":0},"end":{"line":0,"column":0},"skip":true},"5":{"start":{"line":3,"column":0},"end":{"line":null,"column":null}},"6":{"start":{"line":6,"column":0},"end":{"line":null,"column":null}},"7":{"start":{"line":7,"column":6},"end":{"line":null,"column":null}},"8":{"start":{"line":11,"column":0},"end":{"line":null,"column":null}},"9":{"start":{"line":12,"column":6},"end":{"line":null,"column":null}},"10":{"start":{"line":15,"column":0},"end":{"line":null,"column":null}}},"branchMap":{"1":{"line":0,"type":"cond-expr","locations":[{"start":{"line":0,"column":0},"end":{"line":0,"column":0},"skip":true},{"start":{"line":0,"column":0},"end":{"line":0,"column":0},"skip":true}]},"2":{"line":0,"type":"binary-expr","locations":[{"start":{"line":0,"column":0},"end":{"line":0,"column":0},"skip":true},{"start":{"line":0,"column":0},"end":{"line":0,"column":0},"skip":true}]}}},"C:\\Backup\\Book-A-Meal\\server\\routes\\orders.js":{"path":"C:\\Backup\\Book-A-Meal\\server\\routes\\orders.js","s":{"1":1,"2":1,"3":1,"4":1,"5":1,"6":1,"7":0,"8":1,"9":0,"10":1,"11":0,"12":1},"b":{"1":[0,1],"2":[1,1]},"f":{"1":1,"2":0,"3":0,"4":0},"fnMap":{"1":{"name":"_interopRequireDefault","line":0,"loc":{"start":{"line":0,"column":0},"end":{"line":0,"column":0}},"skip":true},"2":{"name":"(anonymous_2)","line":6,"loc":{"start":{"line":6,"column":22},"end":{"line":6,"column":36}}},"3":{"name":"(anonymous_3)","line":11,"loc":{"start":{"line":11,"column":22},"end":{"line":11,"column":36}}},"4":{"name":"(anonymous_4)","line":16,"loc":{"start":{"line":16,"column":32},"end":{"line":16,"column":46}}}},"statementMap":{"1":{"start":{"line":1,"column":0},"end":{"line":null,"column":null}},"2":{"start":{"line":0,"column":0},"end":{"line":0,"column":0},"skip":true},"3":{"start":{"line":0,"column":0},"end":{"line":0,"column":0},"skip":true},"4":{"start":{"line":0,"column":0},"end":{"line":0,"column":0},"skip":true},"5":{"start":{"line":3,"column":0},"end":{"line":null,"column":null}},"6":{"start":{"line":6,"column":0},"end":{"line":null,"column":null}},"7":{"start":{"line":7,"column":6},"end":{"line":null,"column":null}},"8":{"start":{"line":11,"column":0},"end":{"line":null,"column":null}},"9":{"start":{"line":12,"column":6},"end":{"line":null,"column":null}},"10":{"start":{"line":16,"column":0},"end":{"line":null,"column":null}},"11":{"start":{"line":17,"column":6},"end":{"line":null,"column":null}},"12":{"start":{"line":21,"column":0},"end":{"line":null,"column":null}}},"branchMap":{"1":{"line":0,"type":"cond-expr","locations":[{"start":{"line":0,"column":0},"end":{"line":0,"column":0},"skip":true},{"start":{"line":0,"column":0},"end":{"line":0,"column":0},"skip":true}]},"2":{"line":0,"type":"binary-expr","locations":[{"start":{"line":0,"column":0},"end":{"line":0,"column":0},"skip":true},{"start":{"line":0,"column":0},"end":{"line":0,"column":0},"skip":true}]}}}}