TN:
SF:C:\Backup\Book-A-Meal\app.js
FN:15,(anonymous_2)
FN:25,(anonymous_3)
FN:30,(anonymous_4)
FNF:3
FNH:0
FNDA:0,(anonymous_2)
FNDA:0,(anonymous_3)
FNDA:0,(anonymous_4)
DA:2,1
DA:3,1
DA:4,1
DA:5,1
DA:6,1
DA:10,1
DA:11,1
DA:14,1
DA:15,1
DA:16,0
DA:20,1
DA:21,1
DA:22,1
DA:25,1
DA:26,0
DA:30,1
DA:31,0
DA:35,1
LF:18
LH:15
BRF:0
BRH:0
end_of_record
TN:
SF:C:\Backup\Book-A-Meal\server\routes\meals.js
FN:6,(anonymous_2)
FN:11,(anonymous_3)
FN:16,(anonymous_4)
FN:20,(anonymous_5)
FNF:4
FNH:0
FNDA:0,(anonymous_2)
FNDA:0,(anonymous_3)
FNDA:0,(anonymous_4)
FNDA:0,(anonymous_5)
DA:1,1
DA:3,1
DA:6,1
DA:7,0
DA:11,1
DA:12,0
DA:16,1
DA:17,0
DA:20,1
DA:21,0
DA:24,1
LF:11
LH:7
BRF:0
BRH:0
end_of_record
TN:
SF:C:\Backup\Book-A-Meal\server\routes\menu.js
FN:6,(anonymous_2)
FN:11,(anonymous_3)
FNF:2
FNH:0
FNDA:0,(anonymous_2)
FNDA:0,(anonymous_3)
DA:1,1
DA:3,1
DA:6,1
DA:7,0
DA:11,1
DA:12,0
DA:15,1
LF:7
LH:5
BRF:0
BRH:0
end_of_record
TN:
SF:C:\Backup\Book-A-Meal\server\routes\orders.js
FN:6,(anonymous_2)
FN:11,(anonymous_3)
FN:16,(anonymous_4)
FNF:3
FNH:0
FNDA:0,(anonymous_2)
FNDA:0,(anonymous_3)
FNDA:0,(anonymous_4)
DA:1,1
DA:3,1
DA:6,1
DA:7,0
DA:11,1
DA:12,0
DA:16,1
DA:17,0
DA:21,1
LF:9
LH:6
BRF:0
BRH:0
end_of_record
