TN:
SF:C:/Users/Adex001/Desktop/Book-A-Meal/app.js
FN:16,(anonymous_1)
FN:35,(anonymous_2)
FN:40,(anonymous_3)
FNF:3
FNH:2
FNDA:1,(anonymous_1)
FNDA:0,(anonymous_2)
FNDA:1,(anonymous_3)
DA:2,1
DA:3,1
DA:4,1
DA:5,1
DA:6,1
DA:7,1
DA:11,1
DA:12,1
DA:15,1
DA:16,1
DA:17,1
DA:22,1
DA:26,1
DA:27,1
DA:28,1
DA:29,1
DA:30,1
DA:31,1
DA:32,1
DA:35,1
DA:36,0
DA:40,1
DA:41,1
LF:23
LH:22
BRF:0
BRH:0
end_of_record
TN:
SF:C:/Users/Adex001/Desktop/Book-A-Meal/server/controller/mealController.js
FN:41,(anonymous_10)
FN:68,(anonymous_12)
FNF:2
FNH:0
FNDA:0,(anonymous_10)
FNDA:0,(anonymous_12)
DA:3,1
DA:8,1
DA:9,1
DA:17,0
DA:18,0
DA:19,0
DA:20,0
DA:21,0
DA:22,0
DA:23,0
DA:24,0
DA:25,0
DA:26,0
DA:29,0
DA:31,0
DA:39,0
DA:41,0
DA:43,0
DA:45,0
DA:46,0
DA:47,0
DA:48,0
DA:51,0
DA:57,0
DA:66,0
DA:68,0
DA:70,0
DA:72,0
DA:74,0
DA:75,0
DA:81,0
DA:92,1
LF:32
LH:4
BRDA:43,0,0,0
BRDA:43,0,1,0
BRDA:70,1,0,0
BRDA:70,1,1,0
BRF:4
BRH:0
end_of_record
TN:
SF:C:/Users/Adex001/Desktop/Book-A-Meal/server/controller/menuController.js
FN:29,(anonymous_9)
FNF:1
FNH:0
FNDA:0,(anonymous_9)
DA:3,1
DA:7,0
DA:8,0
DA:9,0
DA:10,0
DA:11,0
DA:12,0
DA:13,0
DA:15,0
DA:18,0
DA:27,0
DA:29,0
DA:31,0
DA:33,0
DA:35,0
DA:36,0
DA:43,0
DA:53,1
LF:18
LH:2
BRDA:31,0,0,0
BRDA:31,0,1,0
BRF:2
BRH:0
end_of_record
TN:
SF:C:/Users/Adex001/Desktop/Book-A-Meal/server/controller/orderController.js
FN:14,(anonymous_9)
FNF:1
FNH:0
FNDA:0,(anonymous_9)
DA:2,1
DA:6,0
DA:12,0
DA:14,0
DA:16,0
DA:17,0
DA:18,0
DA:19,0
DA:20,0
DA:23,0
DA:25,0
DA:33,0
DA:34,0
DA:35,0
DA:36,0
DA:37,0
DA:39,0
DA:40,0
DA:41,0
DA:42,0
DA:43,0
DA:46,0
DA:49,0
DA:54,1
LF:24
LH:2
BRDA:16,0,0,0
BRDA:16,0,1,0
BRF:2
BRH:0
end_of_record
TN:
SF:C:/Users/Adex001/Desktop/Book-A-Meal/server/controller/userController.js
FN:23,(anonymous_9)
FNF:1
FNH:0
FNDA:0,(anonymous_9)
DA:2,1
DA:6,0
DA:7,0
DA:8,0
DA:9,0
DA:11,0
DA:12,0
DA:13,0
DA:14,0
DA:17,0
DA:18,0
DA:21,0
DA:23,0
DA:25,0
DA:27,0
DA:29,0
DA:30,0
DA:36,0
DA:50,1
LF:19
LH:2
BRDA:25,0,0,0
BRDA:25,0,1,0
BRF:2
BRH:0
end_of_record
TN:
SF:C:/Users/Adex001/Desktop/Book-A-Meal/server/model/MealsModel.js
FNF:0
FNH:0
DA:1,1
LF:1
LH:1
BRF:0
BRH:0
end_of_record
TN:
SF:C:/Users/Adex001/Desktop/Book-A-Meal/server/model/MenuModel.js
FNF:0
FNH:0
DA:1,1
LF:1
LH:1
BRF:0
BRH:0
end_of_record
TN:
SF:C:/Users/Adex001/Desktop/Book-A-Meal/server/model/OrdersModel.js
FNF:0
FNH:0
DA:1,1
LF:1
LH:1
BRF:0
BRH:0
end_of_record
TN:
SF:C:/Users/Adex001/Desktop/Book-A-Meal/server/model/usersModel.js
FNF:0
FNH:0
DA:1,1
LF:1
LH:1
BRF:0
BRH:0
end_of_record
TN:
SF:C:/Users/Adex001/Desktop/Book-A-Meal/server/routes/meals.js
FNF:0
FNH:0
DA:1,1
DA:2,1
DA:5,1
DA:8,1
DA:11,1
DA:14,1
DA:16,1
LF:7
LH:7
BRF:0
BRH:0
end_of_record
TN:
SF:C:/Users/Adex001/Desktop/Book-A-Meal/server/routes/menu.js
FNF:0
FNH:0
DA:1,1
DA:2,1
DA:4,1
DA:7,1
DA:10,1
DA:12,1
LF:6
LH:6
BRF:0
BRH:0
end_of_record
TN:
SF:C:/Users/Adex001/Desktop/Book-A-Meal/server/routes/orders.js
FNF:0
FNH:0
DA:1,1
DA:2,1
DA:4,1
DA:7,1
DA:10,1
DA:13,1
DA:16,1
LF:7
LH:7
BRF:0
BRH:0
end_of_record
TN:
SF:C:/Users/Adex001/Desktop/Book-A-Meal/server/routes/users.js
FN:7,(anonymous_1)
FN:15,(anonymous_2)
FN:20,(anonymous_3)
FNF:3
FNH:0
FNDA:0,(anonymous_1)
FNDA:0,(anonymous_2)
FNDA:0,(anonymous_3)
DA:1,1
DA:2,1
DA:4,1
DA:7,1
DA:8,0
DA:12,1
DA:15,1
DA:16,0
DA:20,1
DA:21,0
LF:10
LH:7
BRF:0
BRH:0
end_of_record
